0 info it worked if it ends with ok
1 verbose cli [ '/usr/bin/node',
1 verbose cli   '/usr/bin/npm',
1 verbose cli   'install',
1 verbose cli   '--save-dev',
1 verbose cli   'gulp' ]
2 info using npm@2.7.4
3 info using node@v0.12.2
4 verbose node symlink /usr/bin/node
5 verbose install gulp is installed as 3.9.0
6 silly cache add args [ 'gulp', null ]
7 verbose cache add spec gulp
8 silly cache add parsed spec { raw: 'gulp',
8 silly cache add   scope: null,
8 silly cache add   name: 'gulp',
8 silly cache add   rawSpec: '',
8 silly cache add   spec: '*',
8 silly cache add   type: 'range' }
9 verbose addNamed gulp@*
10 silly addNamed semver.valid null
11 silly addNamed semver.validRange *
12 silly addNameRange { name: 'gulp', range: '*', hasData: false }
13 silly mapToRegistry name gulp
14 silly mapToRegistry using default registry
15 silly mapToRegistry registry https://registry.npmjs.org/
16 silly mapToRegistry uri https://registry.npmjs.org/gulp
17 verbose addNameRange registry:https://registry.npmjs.org/gulp not in flight; fetching
18 verbose request uri https://registry.npmjs.org/gulp
19 verbose request no auth needed
20 info attempt registry request try #1 at 05:54:40
21 verbose request id 28359b349a75c673
22 verbose etag "A7KNX6SVJ5HBVTYL4D8G4TKH3"
23 http request GET https://registry.npmjs.org/gulp
24 http 304 https://registry.npmjs.org/gulp
25 silly get cb [ 304,
25 silly get   { date: 'Thu, 17 Dec 2015 05:54:39 GMT',
25 silly get     via: '1.1 varnish',
25 silly get     'cache-control': 'max-age=300',
25 silly get     etag: '"A7KNX6SVJ5HBVTYL4D8G4TKH3"',
25 silly get     age: '89',
25 silly get     connection: 'keep-alive',
25 silly get     'x-served-by': 'cache-fra1234-FRA',
25 silly get     'x-cache': 'HIT',
25 silly get     'x-cache-hits': '2',
25 silly get     'x-timer': 'S1450331679.549192,VS0,VE0',
25 silly get     vary: 'Accept' } ]
26 verbose etag https://registry.npmjs.org/gulp from cache
27 verbose get saving gulp to /home/vagrant/.npm/registry.npmjs.org/gulp/.cache.json
28 silly addNameRange number 2 { name: 'gulp', range: '*', hasData: true }
29 silly addNameRange versions [ 'gulp',
29 silly addNameRange   [ '0.0.1',
29 silly addNameRange     '0.0.2',
29 silly addNameRange     '0.0.3',
29 silly addNameRange     '0.0.4',
29 silly addNameRange     '0.0.5',
29 silly addNameRange     '0.0.7',
29 silly addNameRange     '0.0.8',
29 silly addNameRange     '0.0.9',
29 silly addNameRange     '0.1.0',
29 silly addNameRange     '0.2.0',
29 silly addNameRange     '1.0.0',
29 silly addNameRange     '1.1.0',
29 silly addNameRange     '1.2.0',
29 silly addNameRange     '1.2.1',
29 silly addNameRange     '2.0.0',
29 silly addNameRange     '2.0.1',
29 silly addNameRange     '2.1.0',
29 silly addNameRange     '2.2.0',
29 silly addNameRange     '2.3.0',
29 silly addNameRange     '2.4.0',
29 silly addNameRange     '2.4.1',
29 silly addNameRange     '2.6.0',
29 silly addNameRange     '2.6.1',
29 silly addNameRange     '2.7.0',
29 silly addNameRange     '3.0.0',
29 silly addNameRange     '3.1.1',
29 silly addNameRange     '3.1.2',
29 silly addNameRange     '3.1.3',
29 silly addNameRange     '3.1.4',
29 silly addNameRange     '3.2.0',
29 silly addNameRange     '3.2.1',
29 silly addNameRange     '3.2.2',
29 silly addNameRange     '3.2.3',
29 silly addNameRange     '3.2.4',
29 silly addNameRange     '3.2.5',
29 silly addNameRange     '3.3.0',
29 silly addNameRange     '3.3.1',
29 silly addNameRange     '3.3.2',
29 silly addNameRange     '3.3.4',
29 silly addNameRange     '3.4.0',
29 silly addNameRange     '3.5.0',
29 silly addNameRange     '3.5.1',
29 silly addNameRange     '3.5.2',
29 silly addNameRange     '3.5.5',
29 silly addNameRange     '3.5.6',
29 silly addNameRange     '3.6.0',
29 silly addNameRange     '3.6.1',
29 silly addNameRange     '3.6.2',
29 silly addNameRange     '3.7.0',
29 silly addNameRange     '3.8.0',
29 silly addNameRange     '3.8.1',
29 silly addNameRange     '3.8.2',
29 silly addNameRange     '3.8.3',
29 silly addNameRange     '3.8.4',
29 silly addNameRange     '3.8.5',
29 silly addNameRange     '3.8.6',
29 silly addNameRange     '3.8.7',
29 silly addNameRange     '3.8.8',
29 silly addNameRange     '3.8.9',
29 silly addNameRange     '3.8.10',
29 silly addNameRange     '3.8.11',
29 silly addNameRange     '3.9.0' ] ]
30 verbose addNamed gulp@3.9.0
31 silly addNamed semver.valid 3.9.0
32 silly addNamed semver.validRange 3.9.0
33 silly cache afterAdd gulp@3.9.0
34 verbose afterAdd /home/vagrant/.npm/gulp/3.9.0/package/package.json not in flight; writing
35 verbose afterAdd /home/vagrant/.npm/gulp/3.9.0/package/package.json written
36 silly install resolved [ { name: 'gulp',
36 silly install resolved     description: 'The streaming build system',
36 silly install resolved     version: '3.9.0',
36 silly install resolved     homepage: 'http://gulpjs.com',
36 silly install resolved     repository: { type: 'git', url: 'git+https://github.com/gulpjs/gulp.git' },
36 silly install resolved     author:
36 silly install resolved      { name: 'Fractal',
36 silly install resolved        email: 'contact@wearefractal.com',
36 silly install resolved        url: 'http://wearefractal.com/' },
36 silly install resolved     tags: [ 'build', 'stream', 'system', 'make', 'tool', 'asset', 'pipeline' ],
36 silly install resolved     files: [ 'index.js', 'lib', 'bin', 'completion' ],
36 silly install resolved     bin: { gulp: './bin/gulp.js' },
36 silly install resolved     man: [ 'gulp.1' ],
36 silly install resolved     dependencies:
36 silly install resolved      { archy: '^1.0.0',
36 silly install resolved        chalk: '^1.0.0',
36 silly install resolved        deprecated: '^0.0.1',
36 silly install resolved        'gulp-util': '^3.0.0',
36 silly install resolved        interpret: '^0.6.2',
36 silly install resolved        liftoff: '^2.1.0',
36 silly install resolved        minimist: '^1.1.0',
36 silly install resolved        orchestrator: '^0.3.0',
36 silly install resolved        'pretty-hrtime': '^1.0.0',
36 silly install resolved        semver: '^4.1.0',
36 silly install resolved        tildify: '^1.0.0',
36 silly install resolved        v8flags: '^2.0.2',
36 silly install resolved        'vinyl-fs': '^0.3.0' },
36 silly install resolved     devDependencies:
36 silly install resolved      { coveralls: '^2.7.0',
36 silly install resolved        'graceful-fs': '^3.0.0',
36 silly install resolved        istanbul: '^0.3.0',
36 silly install resolved        jscs: '~1.12.0',
36 silly install resolved        jshint: '^2.5.0',
36 silly install resolved        'jshint-stylish': '^1.0.0',
36 silly install resolved        'marked-man': '^0.1.3',
36 silly install resolved        mkdirp: '^0.5.0',
36 silly install resolved        mocha: '^2.0.1',
36 silly install resolved        'mocha-lcov-reporter': '^0.0.1',
36 silly install resolved        q: '^1.0.0',
36 silly install resolved        rimraf: '^2.2.5',
36 silly install resolved        should: '^5.0.1' },
36 silly install resolved     scripts:
36 silly install resolved      { prepublish: 'marked-man --name gulp docs/CLI.md > gulp.1',
36 silly install resolved        lint: 'jshint lib bin test index.js --reporter node_modules/jshint-stylish/stylish.js --exclude node_modules && jscs lib bin test index.js',
36 silly install resolved        test: 'npm run-script lint && mocha --reporter spec',
36 silly install resolved        coveralls: 'istanbul cover _mocha --report lcovonly -- -R spec && cat ./coverage/lcov.info | coveralls && rm -rf ./coverage' },
36 silly install resolved     engines: { node: '>= 0.9' },
36 silly install resolved     license: 'MIT',
36 silly install resolved     gitHead: '657213a52d5e9c19b85df6a42f76341a98c08ae8',
36 silly install resolved     bugs: { url: 'https://github.com/gulpjs/gulp/issues' },
36 silly install resolved     _id: 'gulp@3.9.0',
36 silly install resolved     _shasum: 'cf1fba4cb558bb8c6ae6c9613f583ae2620d214a',
36 silly install resolved     _from: 'gulp@*',
36 silly install resolved     _npmVersion: '2.8.3',
36 silly install resolved     _nodeVersion: '0.10.36',
36 silly install resolved     _npmUser: { name: 'phated', email: 'blaine@iceddev.com' },
36 silly install resolved     maintainers: [ [Object], [Object] ],
36 silly install resolved     dist:
36 silly install resolved      { shasum: 'cf1fba4cb558bb8c6ae6c9613f583ae2620d214a',
36 silly install resolved        tarball: 'http://registry.npmjs.org/gulp/-/gulp-3.9.0.tgz' },
36 silly install resolved     directories: {},
36 silly install resolved     _resolved: 'https://registry.npmjs.org/gulp/-/gulp-3.9.0.tgz',
36 silly install resolved     readme: 'ERROR: No README data found!' } ]
37 info install gulp@3.9.0 into /home/vagrant/Code/npat
38 info installOne gulp@3.9.0
39 verbose installOne of gulp to /home/vagrant/Code/npat not in flight; installing
40 verbose lock using /home/vagrant/.npm/_locks/gulp-dd67c145a50cc98a.lock for /home/vagrant/Code/npat/node_modules/gulp
41 silly install write writing gulp 3.9.0 to /home/vagrant/Code/npat/node_modules/gulp
42 silly cache addNamed cb gulp@3.9.0
43 verbose unbuild node_modules/gulp
44 info preuninstall gulp@3.9.0
45 info uninstall gulp@3.9.0
46 verbose unbuild rmStuff gulp@3.9.0 from /home/vagrant/Code/npat/node_modules
47 silly gentlyRm /home/vagrant/Code/npat/node_modules/.bin/gulp is being gently removed
48 silly gentlyRm verifying /home/vagrant/Code/npat is an npm working directory
49 silly gentlyRm containing path /home/vagrant/Code/npat is under npm's control, in /home/vagrant/Code/npat
50 silly gentlyRm deletion target /home/vagrant/Code/npat/node_modules/.bin/gulp is under /home/vagrant/Code/npat
51 verbose gentlyRm vacuuming from /home/vagrant/Code/npat/node_modules/.bin/gulp up to /home/vagrant/Code/npat
52 silly vacuum-fs removing /home/vagrant/Code/npat/node_modules/.bin/gulp
53 verbose unlock done using /home/vagrant/.npm/_locks/gulp-dd67c145a50cc98a.lock for /home/vagrant/Code/npat/node_modules/gulp
54 verbose stack Error: EPERM, unlink '/home/vagrant/Code/npat/node_modules/.bin/gulp'
54 verbose stack     at Error (native)
55 verbose cwd /home/vagrant/Code/npat
56 error Linux 3.16.0-23-generic
57 error argv "/usr/bin/node" "/usr/bin/npm" "install" "--save-dev" "gulp"
58 error node v0.12.2
59 error npm  v2.7.4
60 error path /home/vagrant/Code/npat/node_modules/.bin/gulp
61 error code EPERM
62 error errno -1
63 error Error: EPERM, unlink '/home/vagrant/Code/npat/node_modules/.bin/gulp'
63 error     at Error (native)
63 error  { [Error: EPERM, unlink '/home/vagrant/Code/npat/node_modules/.bin/gulp']
63 error   errno: -1,
63 error   code: 'EPERM',
63 error   path: '/home/vagrant/Code/npat/node_modules/.bin/gulp' }
64 error Please try running this command again as root/Administrator.
65 verbose exit [ -1, true ]
66 verbose unbuild node_modules/gulp
67 info preuninstall gulp@3.9.0
68 info uninstall gulp@3.9.0
69 verbose unbuild rmStuff gulp@3.9.0 from /home/vagrant/Code/npat/node_modules
70 silly gentlyRm /home/vagrant/Code/npat/node_modules/.bin/gulp is being gently removed
71 silly gentlyRm verifying /home/vagrant/Code/npat is an npm working directory
72 silly gentlyRm containing path /home/vagrant/Code/npat is under npm's control, in /home/vagrant/Code/npat
73 silly gentlyRm deletion target /home/vagrant/Code/npat/node_modules/.bin/gulp is under /home/vagrant/Code/npat
74 verbose gentlyRm vacuuming from /home/vagrant/Code/npat/node_modules/.bin/gulp up to /home/vagrant/Code/npat
75 silly vacuum-fs removing /home/vagrant/Code/npat/node_modules/.bin/gulp
76 error error rolling back Error: EPERM, unlink '/home/vagrant/Code/npat/node_modules/.bin/gulp'
76 error error rolling back     at Error (native)
76 error error rolling back  { [Error: EPERM, unlink '/home/vagrant/Code/npat/node_modules/.bin/gulp']
76 error error rolling back   errno: -1,
76 error error rolling back   code: 'EPERM',
76 error error rolling back   path: '/home/vagrant/Code/npat/node_modules/.bin/gulp' }
